<?xml version="1.0" encoding="UTF-8"?>
<!-- Generated by org.testng.reporters.JUnitXMLReporter -->
<testsuite hostname="DESKTOP-2ONA81G" ignored="2" name="Test" tests="1" failures="1" timestamp="25 Aug 2021 00:42:20 GMT" time="30.016" errors="0">
  <testcase name="purchase_chkout_validations" time="29.996" classname="AndroidAppiumPackage.SauceLabAppium">
    <failure type="org.openqa.selenium.WebDriverException" message="java.lang.NullPointerException
Build info: version: &amp;apos;3.141.59&amp;apos;, revision: &amp;apos;e82be7d358&amp;apos;, time: &amp;apos;2018-11-14T08:17:03&amp;apos;
System info: host: &amp;apos;DESKTOP-2ONA81G&amp;apos;, ip: &amp;apos;192.168.1.18&amp;apos;, os.name: &amp;apos;Windows 10&amp;apos;, os.arch: &amp;apos;amd64&amp;apos;, os.version: &amp;apos;10.0&amp;apos;, java.version: &amp;apos;1.8.0_301&amp;apos;
Driver info: driver.version: unknown">
      <![CDATA[org.openqa.selenium.WebDriverException: java.lang.NullPointerException
Build info: version: '3.141.59', revision: 'e82be7d358', time: '2018-11-14T08:17:03'
System info: host: 'DESKTOP-2ONA81G', ip: '192.168.1.18', os.name: 'Windows 10', os.arch: 'amd64', os.version: '10.0', java.version: '1.8.0_301'
Driver info: driver.version: unknown
at io.appium.java_client.pagefactory.AppiumElementLocator$WaitingFunction.apply(AppiumElementLocator.java:192)
at io.appium.java_client.pagefactory.AppiumElementLocator$WaitingFunction.apply(AppiumElementLocator.java:1)
at org.openqa.selenium.support.ui.FluentWait.until(FluentWait.java:249)
at io.appium.java_client.pagefactory.AppiumElementLocator.waitFor(AppiumElementLocator.java:99)
at io.appium.java_client.pagefactory.AppiumElementLocator.findElement(AppiumElementLocator.java:119)
at io.appium.java_client.pagefactory.interceptors.InterceptorOfASingleElement.intercept(InterceptorOfASingleElement.java:59)
at org.openqa.selenium.remote.RemoteWebElement$$EnhancerByCGLIB$$d27c0df4.sendKeys(<generated>)
at AndroidAppiumPackage.SauceLabAppium.purchase_chkout_validations(SauceLabAppium.java:99)
Caused by: java.lang.NullPointerException
at io.appium.java_client.pagefactory.AppiumElementLocator.lambda$0(AppiumElementLocator.java:120)
at io.appium.java_client.pagefactory.AppiumElementLocator$WaitingFunction.apply(AppiumElementLocator.java:172)
... 36 more
... Removed 29 stack frames]]>
    </failure>
  </testcase> <!-- purchase_chkout_validations -->
  <testcase name="purchaseFlow" time="0.0" classname="AndroidAppiumPackage.SauceLabAppium">
    <ignored/>
  </testcase> <!-- purchaseFlow -->
  <testcase name="purchase_with_No_Item" time="0.0" classname="AndroidAppiumPackage.SauceLabAppium">
    <ignored/>
  </testcase> <!-- purchase_with_No_Item -->
</testsuite> <!-- Test -->
