<?xml version="1.0" encoding="UTF-8"?>
<!-- Generated by org.testng.reporters.JUnitXMLReporter -->
<testsuite hostname="DESKTOP-2ONA81G" ignored="0" name="Test" tests="3" failures="0" timestamp="25 Aug 2021 10:45:44 GMT" time="192.484" errors="0">
  <testcase name="purchaseFlow" time="90.611" classname="AndroidAppiumPackage.SauceLabAppium"/>
  <testcase name="purchase_chkout_validations" time="66.456" classname="AndroidAppiumPackage.SauceLabAppium"/>
  <testcase name="purchase_with_No_Item" time="35.386" classname="AndroidAppiumPackage.SauceLabAppium"/>
</testsuite> <!-- Test -->
