<?xml version="1.0" encoding="UTF-8"?>
<testsuite xmlns:xsi="http://www.w3.org/2001/XMLSchema-instance" xsi:noNamespaceSchemaLocation="https://maven.apache.org/surefire/maven-surefire-plugin/xsd/surefire-test-report-3.0.xsd" version="3.0" name="TestSuite" time="193.912" tests="3" errors="0" skipped="0" failures="0">
  <properties>
[...]
</properties>
  <testcase name="purchaseFlow" classname="AndroidAppiumPackage.SauceLabAppium" time="90.61"/>
  <testcase name="purchase_chkout_validations" classname="AndroidAppiumPackage.SauceLabAppium" time="66.454"/>
  <testcase name="purchase_with_No_Item" classname="AndroidAppiumPackage.SauceLabAppium" time="35.385"/>
</testsuite>