<?xml version="1.0" encoding="UTF-8"?>
<testng-results skipped="0" failed="0" ignored="0" total="3" passed="3">
  <reporter-output>
  </reporter-output>
  <suite name="Suite" duration-ms="192484" started-at="2021-08-25T10:42:31Z" finished-at="2021-08-25T10:45:44Z">
    <groups>
    </groups>
    <test name="Test" duration-ms="192484" started-at="2021-08-25T10:42:31Z" finished-at="2021-08-25T10:45:44Z">
      <class name="AndroidAppiumPackage.SauceLabAppium">
        <test-method status="PASS" signature="purchaseFlow(java.lang.Boolean)[pri:0, instance:AndroidAppiumPackage.SauceLabAppium@59fa1d9b]" name="purchaseFlow" duration-ms="90611" started-at="2021-08-25T10:42:31Z" finished-at="2021-08-25T10:44:02Z">
          <params>
            <param index="0">
              <value>
                <![CDATA[true]]>
              </value>
            </param>
          </params>
          <reporter-output>
          </reporter-output>
        </test-method> <!-- purchaseFlow -->
        <test-method status="PASS" signature="purchase_chkout_validations(java.lang.Boolean)[pri:0, instance:AndroidAppiumPackage.SauceLabAppium@59fa1d9b]" name="purchase_chkout_validations" duration-ms="66456" started-at="2021-08-25T10:44:02Z" finished-at="2021-08-25T10:45:08Z">
          <params>
            <param index="0">
              <value>
                <![CDATA[true]]>
              </value>
            </param>
          </params>
          <reporter-output>
          </reporter-output>
        </test-method> <!-- purchase_chkout_validations -->
        <test-method status="PASS" signature="purchase_with_No_Item(java.lang.Boolean)[pri:0, instance:AndroidAppiumPackage.SauceLabAppium@59fa1d9b]" name="purchase_with_No_Item" duration-ms="35386" started-at="2021-08-25T10:45:08Z" finished-at="2021-08-25T10:45:44Z">
          <params>
            <param index="0">
              <value>
                <![CDATA[true]]>
              </value>
            </param>
          </params>
          <reporter-output>
          </reporter-output>
        </test-method> <!-- purchase_with_No_Item -->
      </class> <!-- AndroidAppiumPackage.SauceLabAppium -->
    </test> <!-- Test -->
  </suite> <!-- Suite -->
</testng-results>
